Experiment started at Thu Jan 29 01:21:15 AM IST 2026
=== Test: twocopy 64 1 ===

===== CLIENT RESULTS =====
Threads            : 1
Duration (s)        : 10
Message size (B)    : 64
Total bytes sent    : 13991894
Throughput (Mbps)   : 10.65
Avg latency (us)    : 48.08
==========================

 Performance counter stats for './client 127.0.0.1 9000 1 10 64':

             89.68 msec task-clock                       #    0.009 CPUs utilized             
                67      page-faults                      #  747.116 /sec                      
                25      context-switches                 #  278.775 /sec                      

      10.514477692 seconds time elapsed

       0.027619000 seconds user
       0.064445000 seconds sys

=== Test: twocopy 64 2 ===

===== CLIENT RESULTS =====
Threads            : 2
Duration (s)        : 10
Message size (B)    : 64
Total bytes sent    : 29173396
Throughput (Mbps)   : 21.59
Avg latency (us)    : 23.72
==========================

 Performance counter stats for './client 127.0.0.1 9000 2 10 64':

            232.93 msec task-clock                       #    0.022 CPUs utilized             
                69      page-faults                      #  296.221 /sec                      
                75      context-switches                 #  321.980 /sec                      

      10.819999700 seconds time elapsed

       0.050515000 seconds user
       0.186907000 seconds sys

=== Test: twocopy 64 4 ===

===== CLIENT RESULTS =====
Threads            : 4
Duration (s)        : 10
Message size (B)    : 64
Total bytes sent    : 39630830
Throughput (Mbps)   : 29.61
Avg latency (us)    : 17.29
==========================

 Performance counter stats for './client 127.0.0.1 9000 4 10 64':

            347.22 msec task-clock                       #    0.032 CPUs utilized             
                77      page-faults                      #  221.760 /sec                      
               195      context-switches                 #  561.599 /sec                      

      10.711229412 seconds time elapsed

       0.069031000 seconds user
       0.283169000 seconds sys

=== Test: twocopy 64 8 ===

===== CLIENT RESULTS =====
Threads            : 8
Duration (s)        : 10
Message size (B)    : 64
Total bytes sent    : 103360956
Throughput (Mbps)   : 76.90
Avg latency (us)    : 6.66
==========================

 Performance counter stats for './client 127.0.0.1 9000 8 10 64':

            941.05 msec task-clock                       #    0.087 CPUs utilized             
                89      page-faults                      #   94.575 /sec                      
               425      context-switches                 #  451.622 /sec                      

      10.757396183 seconds time elapsed

       0.230321000 seconds user
       0.718880000 seconds sys

=== Test: twocopy 256 1 ===

===== CLIENT RESULTS =====
Threads            : 1
Duration (s)        : 10
Message size (B)    : 256
Total bytes sent    : 30873244
Throughput (Mbps)   : 23.17
Avg latency (us)    : 88.39
==========================

 Performance counter stats for './client 127.0.0.1 9000 1 10 256':

             70.82 msec task-clock                       #    0.007 CPUs utilized             
                66      page-faults                      #  931.924 /sec                      
                42      context-switches                 #  593.042 /sec                      

      10.662010832 seconds time elapsed

       0.013559000 seconds user
       0.059320000 seconds sys

=== Test: twocopy 256 2 ===

===== CLIENT RESULTS =====
Threads            : 2
Duration (s)        : 10
Message size (B)    : 256
Total bytes sent    : 53622125
Throughput (Mbps)   : 40.20
Avg latency (us)    : 50.95
==========================

 Performance counter stats for './client 127.0.0.1 9000 2 10 256':

            163.24 msec task-clock                       #    0.015 CPUs utilized             
                70      page-faults                      #  428.812 /sec                      
                37      context-switches                 #  226.658 /sec                      

      10.675073508 seconds time elapsed

       0.023027000 seconds user
       0.143920000 seconds sys

=== Test: twocopy 256 4 ===

===== CLIENT RESULTS =====
Threads            : 4
Duration (s)        : 10
Message size (B)    : 256
Total bytes sent    : 103977220
Throughput (Mbps)   : 77.95
Avg latency (us)    : 26.27
==========================

 Performance counter stats for './client 127.0.0.1 9000 4 10 256':

            330.86 msec task-clock                       #    0.031 CPUs utilized             
                75      page-faults                      #  226.680 /sec                      
               129      context-switches                 #  389.889 /sec                      

      10.674410126 seconds time elapsed

       0.074418000 seconds user
       0.262236000 seconds sys

=== Test: twocopy 256 8 ===

===== CLIENT RESULTS =====
Threads            : 8
Duration (s)        : 10
Message size (B)    : 256
Total bytes sent    : 159166841
Throughput (Mbps)   : 118.43
Avg latency (us)    : 17.29
==========================

 Performance counter stats for './client 127.0.0.1 9000 8 10 256':

            497.11 msec task-clock                       #    0.046 CPUs utilized             
                89      page-faults                      #  179.034 /sec                      
               196      context-switches                 #  394.277 /sec                      

      10.756574073 seconds time elapsed

       0.083981000 seconds user
       0.419906000 seconds sys

=== Test: twocopy 1024 1 ===

===== CLIENT RESULTS =====
Threads            : 1
Duration (s)        : 10
Message size (B)    : 1024
Total bytes sent    : 70707179
Throughput (Mbps)   : 53.10
Avg latency (us)    : 154.28
==========================

 Performance counter stats for './client 127.0.0.1 9000 1 10 1024':

             65.87 msec task-clock                       #    0.006 CPUs utilized             
                67      page-faults                      #    1.017 K/sec                     
                27      context-switches                 #  409.872 /sec                      

      10.659681355 seconds time elapsed

       0.018253000 seconds user
       0.051440000 seconds sys

=== Test: twocopy 1024 2 ===

===== CLIENT RESULTS =====
Threads            : 2
Duration (s)        : 10
Message size (B)    : 1024
Total bytes sent    : 137702818
Throughput (Mbps)   : 103.84
Avg latency (us)    : 78.89
==========================

 Performance counter stats for './client 127.0.0.1 9000 2 10 1024':

            203.62 msec task-clock                       #    0.019 CPUs utilized             
                69      page-faults                      #  338.873 /sec                      
                78      context-switches                 #  383.074 /sec                      

      10.617782354 seconds time elapsed

       0.042575000 seconds user
       0.167796000 seconds sys

=== Test: twocopy 1024 4 ===

===== CLIENT RESULTS =====
Threads            : 4
Duration (s)        : 10
Message size (B)    : 1024
Total bytes sent    : 167167231
Throughput (Mbps)   : 127.59
Avg latency (us)    : 64.21
==========================

 Performance counter stats for './client 127.0.0.1 9000 4 10 1024':

            149.99 msec task-clock                       #    0.014 CPUs utilized             
                77      page-faults                      #  513.370 /sec                      
                67      context-switches                 #  446.698 /sec                      

      10.487623094 seconds time elapsed

       0.018982000 seconds user
       0.134985000 seconds sys

=== Test: twocopy 1024 8 ===

===== CLIENT RESULTS =====
Threads            : 8
Duration (s)        : 10
Message size (B)    : 1024
Total bytes sent    : 448371665
Throughput (Mbps)   : 339.91
Avg latency (us)    : 24.10
==========================

 Performance counter stats for './client 127.0.0.1 9000 8 10 1024':

            433.62 msec task-clock                       #    0.041 CPUs utilized             
                88      page-faults                      #  202.943 /sec                      
               150      context-switches                 #  345.925 /sec                      

      10.558735159 seconds time elapsed

       0.081957000 seconds user
       0.358564000 seconds sys

=== Test: twocopy 4096 1 ===

===== CLIENT RESULTS =====
Threads            : 1
Duration (s)        : 10
Message size (B)    : 4096
Total bytes sent    : 178699088
Throughput (Mbps)   : 132.99
Avg latency (us)    : 246.39
==========================

 Performance counter stats for './client 127.0.0.1 9000 1 10 4096':

             63.78 msec task-clock                       #    0.006 CPUs utilized             
                69      page-faults                      #    1.082 K/sec                     
                44      context-switches                 #  689.843 /sec                      

      10.752154127 seconds time elapsed

       0.009739000 seconds user
       0.060382000 seconds sys

=== Test: twocopy 4096 2 ===

===== CLIENT RESULTS =====
Threads            : 2
Duration (s)        : 10
Message size (B)    : 4096
Total bytes sent    : 358037799
Throughput (Mbps)   : 270.12
Avg latency (us)    : 121.31
==========================

 Performance counter stats for './client 127.0.0.1 9000 2 10 4096':

            148.35 msec task-clock                       #    0.014 CPUs utilized             
                73      page-faults                      #  492.083 /sec                      
               103      context-switches                 #  694.309 /sec                      

      10.607843687 seconds time elapsed

       0.029185000 seconds user
       0.125496000 seconds sys

=== Test: twocopy 4096 4 ===

===== CLIENT RESULTS =====
Threads            : 4
Duration (s)        : 10
Message size (B)    : 4096
Total bytes sent    : 226076026
Throughput (Mbps)   : 171.86
Avg latency (us)    : 190.67
==========================

 Performance counter stats for './client 127.0.0.1 9000 4 10 4096':

            100.73 msec task-clock                       #    0.010 CPUs utilized             
                80      page-faults                      #  794.235 /sec                      
               111      context-switches                 #    1.102 K/sec                     

      10.529187779 seconds time elapsed

       0.011413000 seconds user
       0.093212000 seconds sys

=== Test: twocopy 4096 8 ===

===== CLIENT RESULTS =====
Threads            : 8
Duration (s)        : 10
Message size (B)    : 4096
Total bytes sent    : 283489236
Throughput (Mbps)   : 215.25
Avg latency (us)    : 152.23
==========================

 Performance counter stats for './client 127.0.0.1 9000 8 10 4096':

            158.30 msec task-clock                       #    0.015 CPUs utilized             
                97      page-faults                      #  612.779 /sec                      
               183      context-switches                 #    1.156 K/sec                     

      10.540025621 seconds time elapsed

       0.015198000 seconds user
       0.147426000 seconds sys

=== Test: onecopy 64 1 ===

===== CLIENT RESULTS =====
Threads            : 1
Duration (s)        : 10
Message size (B)    : 64
Total bytes sent    : 12027110
Throughput (Mbps)   : 9.05
Avg latency (us)    : 56.58
==========================

 Performance counter stats for './client 127.0.0.1 9000 1 10 64':

            102.63 msec task-clock                       #    0.010 CPUs utilized             
                66      page-faults                      #  643.061 /sec                      
                33      context-switches                 #  321.530 /sec                      

      10.636967111 seconds time elapsed

       0.024139000 seconds user
       0.079962000 seconds sys

=== Test: onecopy 64 2 ===

===== CLIENT RESULTS =====
Threads            : 2
Duration (s)        : 10
Message size (B)    : 64
Total bytes sent    : 26808861
Throughput (Mbps)   : 19.75
Avg latency (us)    : 25.92
==========================

 Performance counter stats for './client 127.0.0.1 9000 2 10 64':

            237.66 msec task-clock                       #    0.022 CPUs utilized             
                71      page-faults                      #  298.752 /sec                      
                74      context-switches                 #  311.375 /sec                      

      10.861593421 seconds time elapsed

       0.049645000 seconds user
       0.190022000 seconds sys

=== Test: onecopy 64 4 ===

===== CLIENT RESULTS =====
Threads            : 4
Duration (s)        : 10
Message size (B)    : 64
Total bytes sent    : 47018642
Throughput (Mbps)   : 35.20
Avg latency (us)    : 14.54
==========================

 Performance counter stats for './client 127.0.0.1 9000 4 10 64':

            403.15 msec task-clock                       #    0.038 CPUs utilized             
                77      page-faults                      #  190.994 /sec                      
               143      context-switches                 #  354.703 /sec                      

      10.688297133 seconds time elapsed

       0.103262000 seconds user
       0.303712000 seconds sys

=== Test: onecopy 64 8 ===

===== CLIENT RESULTS =====
Threads            : 8
Duration (s)        : 10
Message size (B)    : 64
Total bytes sent    : 117580260
Throughput (Mbps)   : 88.05
Avg latency (us)    : 5.82
==========================

 Performance counter stats for './client 127.0.0.1 9000 8 10 64':

          1,054.59 msec task-clock                       #    0.099 CPUs utilized             
                91      page-faults                      #   86.289 /sec                      
               437      context-switches                 #  414.378 /sec                      

      10.686807724 seconds time elapsed

       0.210516000 seconds user
       0.844763000 seconds sys

=== Test: onecopy 256 1 ===

===== CLIENT RESULTS =====
Threads            : 1
Duration (s)        : 10
Message size (B)    : 256
Total bytes sent    : 26454923
Throughput (Mbps)   : 19.83
Avg latency (us)    : 103.30
==========================

 Performance counter stats for './client 127.0.0.1 9000 1 10 256':

             76.80 msec task-clock                       #    0.007 CPUs utilized             
                67      page-faults                      #  872.342 /sec                      
                38      context-switches                 #  494.761 /sec                      

      10.679534502 seconds time elapsed

       0.006893000 seconds user
       0.074105000 seconds sys

=== Test: onecopy 256 2 ===

===== CLIENT RESULTS =====
Threads            : 2
Duration (s)        : 10
Message size (B)    : 256
Total bytes sent    : 53335370
Throughput (Mbps)   : 39.84
Avg latency (us)    : 51.40
==========================

 Performance counter stats for './client 127.0.0.1 9000 2 10 256':

            187.39 msec task-clock                       #    0.017 CPUs utilized             
                74      page-faults                      #  394.897 /sec                      
               106      context-switches                 #  565.663 /sec                      

      10.713887401 seconds time elapsed

       0.040088000 seconds user
       0.149078000 seconds sys

=== Test: onecopy 256 4 ===

===== CLIENT RESULTS =====
Threads            : 4
Duration (s)        : 10
Message size (B)    : 256
Total bytes sent    : 88530049
Throughput (Mbps)   : 64.63
Avg latency (us)    : 31.69
==========================

 Performance counter stats for './client 127.0.0.1 9000 4 10 256':

            340.22 msec task-clock                       #    0.031 CPUs utilized             
                76      page-faults                      #  223.387 /sec                      
               202      context-switches                 #  593.739 /sec                      

      10.967632165 seconds time elapsed

       0.071576000 seconds user
       0.277131000 seconds sys

=== Test: onecopy 256 8 ===

===== CLIENT RESULTS =====
Threads            : 8
Duration (s)        : 10
Message size (B)    : 256
Total bytes sent    : 207494396
Throughput (Mbps)   : 151.64
Avg latency (us)    : 13.51
==========================

 Performance counter stats for './client 127.0.0.1 9000 8 10 256':

            631.73 msec task-clock                       #    0.058 CPUs utilized             
                88      page-faults                      #  139.301 /sec                      
               275      context-switches                 #  435.316 /sec                      

      10.951910473 seconds time elapsed

       0.116598000 seconds user
       0.523452000 seconds sys

=== Test: onecopy 1024 1 ===

===== CLIENT RESULTS =====
Threads            : 1
Duration (s)        : 10
Message size (B)    : 1024
Total bytes sent    : 65972114
Throughput (Mbps)   : 50.13
Avg latency (us)    : 163.41
==========================

 Performance counter stats for './client 127.0.0.1 9000 1 10 1024':

            155.46 msec task-clock                       #    0.015 CPUs utilized             
                66      page-faults                      #  424.542 /sec                      
                35      context-switches                 #  225.136 /sec                      

      10.532408950 seconds time elapsed

       0.021781000 seconds user
       0.136131000 seconds sys

=== Test: onecopy 1024 2 ===

===== CLIENT RESULTS =====
Threads            : 2
Duration (s)        : 10
Message size (B)    : 1024
Total bytes sent    : 142396092
Throughput (Mbps)   : 109.26
Avg latency (us)    : 74.98
==========================

 Performance counter stats for './client 127.0.0.1 9000 2 10 1024':

            142.64 msec task-clock                       #    0.014 CPUs utilized             
                70      page-faults                      #  490.732 /sec                      
                83      context-switches                 #  581.868 /sec                      

      10.429770792 seconds time elapsed

       0.016560000 seconds user
       0.128347000 seconds sys

=== Test: onecopy 1024 4 ===

===== CLIENT RESULTS =====
Threads            : 4
Duration (s)        : 10
Message size (B)    : 1024
Total bytes sent    : 204390857
Throughput (Mbps)   : 149.88
Avg latency (us)    : 54.66
==========================

 Performance counter stats for './client 127.0.0.1 9000 4 10 1024':

            224.23 msec task-clock                       #    0.021 CPUs utilized             
                76      page-faults                      #  338.936 /sec                      
                73      context-switches                 #  325.557 /sec                      

      10.921241748 seconds time elapsed

       0.042196000 seconds user
       0.191124000 seconds sys

=== Test: onecopy 1024 8 ===

===== CLIENT RESULTS =====
Threads            : 8
Duration (s)        : 10
Message size (B)    : 1024
Total bytes sent    : 387571471
Throughput (Mbps)   : 287.36
Avg latency (us)    : 28.51
==========================

 Performance counter stats for './client 127.0.0.1 9000 8 10 1024':

            394.96 msec task-clock                       #    0.037 CPUs utilized             
                88      page-faults                      #  222.809 /sec                      
               168      context-switches                 #  425.362 /sec                      

      10.802217566 seconds time elapsed

       0.050739000 seconds user
       0.352006000 seconds sys

=== Test: onecopy 4096 1 ===

===== CLIENT RESULTS =====
Threads            : 1
Duration (s)        : 10
Message size (B)    : 4096
Total bytes sent    : 179432773
Throughput (Mbps)   : 134.26
Avg latency (us)    : 244.07
==========================

 Performance counter stats for './client 127.0.0.1 9000 1 10 4096':

             68.15 msec task-clock                       #    0.006 CPUs utilized             
                69      page-faults                      #    1.013 K/sec                     
                39      context-switches                 #  572.294 /sec                      

      10.695824670 seconds time elapsed

       0.009804000 seconds user
       0.062750000 seconds sys

=== Test: onecopy 4096 2 ===

===== CLIENT RESULTS =====
Threads            : 2
Duration (s)        : 10
Message size (B)    : 4096
Total bytes sent    : 363419106
Throughput (Mbps)   : 278.48
Avg latency (us)    : 117.67
==========================

 Performance counter stats for './client 127.0.0.1 9000 2 10 4096':

            176.75 msec task-clock                       #    0.017 CPUs utilized             
                72      page-faults                      #  407.351 /sec                      
                68      context-switches                 #  384.720 /sec                      

      10.444856760 seconds time elapsed

       0.014390000 seconds user
       0.165489000 seconds sys

=== Test: onecopy 4096 4 ===

===== CLIENT RESULTS =====
Threads            : 4
Duration (s)        : 10
Message size (B)    : 4096
Total bytes sent    : 503780215
Throughput (Mbps)   : 377.31
Avg latency (us)    : 86.85
==========================

 Performance counter stats for './client 127.0.0.1 9000 4 10 4096':

            206.04 msec task-clock                       #    0.019 CPUs utilized             
                80      page-faults                      #  388.280 /sec                      
               134      context-switches                 #  650.370 /sec                      

      10.684800204 seconds time elapsed

       0.018849000 seconds user
       0.192685000 seconds sys

=== Test: onecopy 4096 8 ===

===== CLIENT RESULTS =====
Threads            : 8
Duration (s)        : 10
Message size (B)    : 4096
Total bytes sent    : 295529495
Throughput (Mbps)   : 223.91
Avg latency (us)    : 146.35
==========================

 Performance counter stats for './client 127.0.0.1 9000 8 10 4096':

            178.19 msec task-clock                       #    0.017 CPUs utilized             
                96      page-faults                      #  538.746 /sec                      
               182      context-switches                 #    1.021 K/sec                     

      10.562041874 seconds time elapsed

       0.021732000 seconds user
       0.171886000 seconds sys

=== Test: zerocopy 64 1 ===

===== CLIENT RESULTS =====
Threads            : 1
Duration (s)        : 10
Message size (B)    : 64
Total bytes sent    : 14246508
Throughput (Mbps)   : 10.95
Avg latency (us)    : 46.76
==========================

 Performance counter stats for './client 127.0.0.1 9000 1 10 64':

            118.31 msec task-clock                       #    0.011 CPUs utilized             
                67      page-faults                      #  566.325 /sec                      
                16      context-switches                 #  135.242 /sec                      

      10.411102659 seconds time elapsed

       0.023230000 seconds user
       0.098729000 seconds sys

=== Test: zerocopy 64 2 ===

===== CLIENT RESULTS =====
Threads            : 2
Duration (s)        : 10
Message size (B)    : 64
Total bytes sent    : 32701443
Throughput (Mbps)   : 24.64
Avg latency (us)    : 20.78
==========================

 Performance counter stats for './client 127.0.0.1 9000 2 10 64':

            300.66 msec task-clock                       #    0.028 CPUs utilized             
                69      page-faults                      #  229.495 /sec                      
                65      context-switches                 #  216.191 /sec                      

      10.624222411 seconds time elapsed

       0.070484000 seconds user
       0.234257000 seconds sys

=== Test: zerocopy 64 4 ===

===== CLIENT RESULTS =====
Threads            : 4
Duration (s)        : 10
Message size (B)    : 64
Total bytes sent    : 50165662
Throughput (Mbps)   : 37.06
Avg latency (us)    : 13.82
==========================

 Performance counter stats for './client 127.0.0.1 9000 4 10 64':

            658.08 msec task-clock                       #    0.061 CPUs utilized             
                76      page-faults                      #  115.487 /sec                      
               205      context-switches                 #  311.512 /sec                      

      10.844167420 seconds time elapsed

       0.149805000 seconds user
       0.518839000 seconds sys

=== Test: zerocopy 64 8 ===

===== CLIENT RESULTS =====
Threads            : 8
Duration (s)        : 10
Message size (B)    : 64
Total bytes sent    : 136574471
Throughput (Mbps)   : 98.34
Avg latency (us)    : 5.21
==========================

 Performance counter stats for './client 127.0.0.1 9000 8 10 64':

          1,487.63 msec task-clock                       #    0.134 CPUs utilized             
                89      page-faults                      #   59.827 /sec                      
               585      context-switches                 #  393.243 /sec                      

      11.115391978 seconds time elapsed

       0.283305000 seconds user
       1.202401000 seconds sys

=== Test: zerocopy 256 1 ===

===== CLIENT RESULTS =====
Threads            : 1
Duration (s)        : 10
Message size (B)    : 256
Total bytes sent    : 27002542
Throughput (Mbps)   : 20.42
Avg latency (us)    : 100.31
==========================

 Performance counter stats for './client 127.0.0.1 9000 1 10 256':

            109.66 msec task-clock                       #    0.010 CPUs utilized             
                67      page-faults                      #  610.955 /sec                      
                42      context-switches                 #  382.987 /sec                      

      10.588061834 seconds time elapsed

       0.027052000 seconds user
       0.086077000 seconds sys

=== Test: zerocopy 256 2 ===

===== CLIENT RESULTS =====
Threads            : 2
Duration (s)        : 10
Message size (B)    : 256
Total bytes sent    : 84772089
Throughput (Mbps)   : 63.83
Avg latency (us)    : 32.08
==========================

 Performance counter stats for './client 127.0.0.1 9000 2 10 256':

            229.28 msec task-clock                       #    0.022 CPUs utilized             
                70      page-faults                      #  305.308 /sec                      
                41      context-switches                 #  178.823 /sec                      

      10.628183014 seconds time elapsed

       0.073905000 seconds user
       0.158368000 seconds sys

=== Test: zerocopy 256 4 ===

===== CLIENT RESULTS =====
Threads            : 4
Duration (s)        : 10
Message size (B)    : 256
Total bytes sent    : 66129084
Throughput (Mbps)   : 49.15
Avg latency (us)    : 41.66
==========================

 Performance counter stats for './client 127.0.0.1 9000 4 10 256':

            199.07 msec task-clock                       #    0.018 CPUs utilized             
                77      page-faults                      #  386.808 /sec                      
                89      context-switches                 #  447.090 /sec                      

      10.770808295 seconds time elapsed

       0.019620000 seconds user
       0.188844000 seconds sys

=== Test: zerocopy 256 8 ===

===== CLIENT RESULTS =====
Threads            : 8
Duration (s)        : 10
Message size (B)    : 256
Total bytes sent    : 194372671
Throughput (Mbps)   : 144.95
Avg latency (us)    : 14.13
==========================

 Performance counter stats for './client 127.0.0.1 9000 8 10 256':

            587.33 msec task-clock                       #    0.055 CPUs utilized             
                87      page-faults                      #  148.128 /sec                      
               281      context-switches                 #  478.437 /sec                      

      10.735505395 seconds time elapsed

       0.110741000 seconds user
       0.484803000 seconds sys

=== Test: zerocopy 1024 1 ===

===== CLIENT RESULTS =====
Threads            : 1
Duration (s)        : 10
Message size (B)    : 1024
Total bytes sent    : 84870212
Throughput (Mbps)   : 65.01
Avg latency (us)    : 126.01
==========================

 Performance counter stats for './client 127.0.0.1 9000 1 10 1024':

             73.87 msec task-clock                       #    0.007 CPUs utilized             
                68      page-faults                      #  920.492 /sec                      
                15      context-switches                 #  203.050 /sec                      

      10.450785128 seconds time elapsed

       0.000000000 seconds user
       0.078767000 seconds sys

=== Test: zerocopy 1024 2 ===

===== CLIENT RESULTS =====
Threads            : 2
Duration (s)        : 10
Message size (B)    : 1024
Total bytes sent    : 166094719
Throughput (Mbps)   : 124.93
Avg latency (us)    : 65.57
==========================

 Performance counter stats for './client 127.0.0.1 9000 2 10 1024':

            168.79 msec task-clock                       #    0.016 CPUs utilized             
                73      page-faults                      #  432.484 /sec                      
                32      context-switches                 #  189.582 /sec                      

      10.647160613 seconds time elapsed

       0.050772000 seconds user
       0.125437000 seconds sys

=== Test: zerocopy 1024 4 ===

===== CLIENT RESULTS =====
Threads            : 4
Duration (s)        : 10
Message size (B)    : 1024
Total bytes sent    : 251644963
Throughput (Mbps)   : 190.68
Avg latency (us)    : 42.96
==========================

 Performance counter stats for './client 127.0.0.1 9000 4 10 1024':

            249.96 msec task-clock                       #    0.024 CPUs utilized             
                76      page-faults                      #  304.047 /sec                      
                98      context-switches                 #  392.061 /sec                      

      10.563750840 seconds time elapsed

       0.027358000 seconds user
       0.231029000 seconds sys

=== Test: zerocopy 1024 8 ===

===== CLIENT RESULTS =====
Threads            : 8
Duration (s)        : 10
Message size (B)    : 1024
Total bytes sent    : 308102042
Throughput (Mbps)   : 229.29
Avg latency (us)    : 35.73
==========================

 Performance counter stats for './client 127.0.0.1 9000 8 10 1024':

            373.48 msec task-clock                       #    0.035 CPUs utilized             
                88      page-faults                      #  235.622 /sec                      
               171      context-switches                 #  457.856 /sec                      

      10.753187616 seconds time elapsed

       0.058373000 seconds user
       0.326086000 seconds sys

=== Test: zerocopy 4096 1 ===

===== CLIENT RESULTS =====
Threads            : 1
Duration (s)        : 10
Message size (B)    : 4096
Total bytes sent    : 178427081
Throughput (Mbps)   : 133.92
Avg latency (us)    : 244.69
==========================

 Performance counter stats for './client 127.0.0.1 9000 1 10 4096':

             92.59 msec task-clock                       #    0.009 CPUs utilized             
                67      page-faults                      #  723.595 /sec                      
                52      context-switches                 #  561.596 /sec                      

      10.665542739 seconds time elapsed

       0.008315000 seconds user
       0.088699000 seconds sys

=== Test: zerocopy 4096 2 ===

===== CLIENT RESULTS =====
Threads            : 2
Duration (s)        : 10
Message size (B)    : 4096
Total bytes sent    : 344489990
Throughput (Mbps)   : 253.30
Avg latency (us)    : 129.37
==========================

 Performance counter stats for './client 127.0.0.1 9000 2 10 4096':

            195.66 msec task-clock                       #    0.018 CPUs utilized             
                74      page-faults                      #  378.207 /sec                      
               122      context-switches                 #  623.531 /sec                      

      10.890117376 seconds time elapsed

       0.032929000 seconds user
       0.174528000 seconds sys

=== Test: zerocopy 4096 4 ===

===== CLIENT RESULTS =====
Threads            : 4
Duration (s)        : 10
Message size (B)    : 4096
Total bytes sent    : 242663839
Throughput (Mbps)   : 178.55
Avg latency (us)    : 183.52
==========================

 Performance counter stats for './client 127.0.0.1 9000 4 10 4096':

            164.42 msec task-clock                       #    0.015 CPUs utilized             
                79      page-faults                      #  480.470 /sec                      
                81      context-switches                 #  492.633 /sec                      

      10.881829278 seconds time elapsed

       0.017184000 seconds user
       0.163256000 seconds sys

=== Test: zerocopy 4096 8 ===

===== CLIENT RESULTS =====
Threads            : 8
Duration (s)        : 10
Message size (B)    : 4096
Total bytes sent    : 1038199596
Throughput (Mbps)   : 743.65
Avg latency (us)    : 44.06
==========================

 Performance counter stats for './client 127.0.0.1 9000 8 10 4096':

            722.54 msec task-clock                       #    0.065 CPUs utilized             
                98      page-faults                      #  135.633 /sec                      
               437      context-switches                 #  604.812 /sec                      

      11.174227979 seconds time elapsed

       0.091767000 seconds user
       0.639156000 seconds sys

